<?xml version="1.0" encoding="UTF-8"?>
<!-- Generated by org.testng.reporters.JUnitXMLReporter -->
<testsuite ignored="9" hostname="Priya-Laptop" failures="0" tests="1" name="Default test" time="44.475" errors="0" timestamp="2026-01-27T11:18:44 IST">
  <testcase classname="PimModule.Pim" name="tc_0020" time="11.174"/>
  <testcase classname="PimModule.Pim" name="tc_0018" time="0.0">
    <ignored/>
  </testcase> <!-- tc_0018 -->
  <testcase classname="PimModule.Pim" name="tc_0017" time="0.0">
    <ignored/>
  </testcase> <!-- tc_0017 -->
  <testcase classname="PimModule.Pim" name="tc_0016" time="0.0">
    <ignored/>
  </testcase> <!-- tc_0016 -->
  <testcase classname="PimModule.Pim" name="tc_0015" time="0.0">
    <ignored/>
  </testcase> <!-- tc_0015 -->
  <testcase classname="PimModule.Pim" name="tc_0019" time="0.0">
    <ignored/>
  </testcase> <!-- tc_0019 -->
  <testcase classname="PimModule.Pim" name="tc_0014" time="0.0">
    <ignored/>
  </testcase> <!-- tc_0014 -->
  <testcase classname="PimModule.Pim" name="tc_0013" time="0.0">
    <ignored/>
  </testcase> <!-- tc_0013 -->
  <testcase classname="PimModule.Pim" name="tc_0012" time="0.0">
    <ignored/>
  </testcase> <!-- tc_0012 -->
  <testcase classname="PimModule.Pim" name="tc_0011" time="0.0">
    <ignored/>
  </testcase> <!-- tc_0011 -->
</testsuite> <!-- Default test -->
