<?xml version="1.0" encoding="UTF-8"?>
<!-- Generated by org.testng.reporters.JUnitXMLReporter -->
<testsuite ignored="4" hostname="Priya-Laptop" failures="0" tests="1" name="Default test" time="21.668" errors="0" timestamp="2026-01-27T00:43:35 IST">
  <testcase classname="PimModule.Pim" name="tc_0015" time="10.683"/>
  <testcase classname="PimModule.Pim" name="tc_0013" time="0.0">
    <ignored/>
  </testcase> <!-- tc_0013 -->
  <testcase classname="PimModule.Pim" name="tc_0011" time="0.0">
    <ignored/>
  </testcase> <!-- tc_0011 -->
  <testcase classname="PimModule.Pim" name="tc_0014" time="0.0">
    <ignored/>
  </testcase> <!-- tc_0014 -->
  <testcase classname="PimModule.Pim" name="tc_0012" time="0.0">
    <ignored/>
  </testcase> <!-- tc_0012 -->
</testsuite> <!-- Default test -->
