<?xml version="1.0" encoding="UTF-8"?>
<testng-results ignored="4" total="5" passed="1" failed="0" skipped="0">
  <reporter-output>
    <line>
      <![CDATA[Add Emp page is opened successfully]]>
    </line>
    <line>
      <![CDATA[We are navigate back to pim page]]>
    </line>
    <line>
      <![CDATA[Logout Successful]]>
    </line>
  </reporter-output>
  <suite started-at="2026-01-27T00:43:13 IST" name="Default suite" finished-at="2026-01-27T00:43:35 IST" duration-ms="21668">
    <groups>
    </groups>
    <test started-at="2026-01-27T00:43:13 IST" name="Default test" finished-at="2026-01-27T00:43:35 IST" duration-ms="21668">
      <class name="PimModule.Pim">
        <test-method is-config="true" signature="preCondition()[pri:0, instance:PimModule.Pim@2f54a33d]" started-at="2026-01-27T00:43:13 IST" name="preCondition" finished-at="2026-01-27T00:43:21 IST" duration-ms="7554" status="PASS">
          <reporter-output>
          </reporter-output>
        </test-method> <!-- preCondition -->
        <test-method is-config="true" signature="login()[pri:0, instance:PimModule.Pim@2f54a33d]" started-at="2026-01-27T00:43:21 IST" name="login" finished-at="2026-01-27T00:43:22 IST" duration-ms="873" status="PASS">
          <reporter-output>
          </reporter-output>
        </test-method> <!-- login -->
        <test-method signature="tc_0015()[pri:0, instance:PimModule.Pim@2f54a33d]" started-at="2026-01-27T00:43:22 IST" name="tc_0015" finished-at="2026-01-27T00:43:32 IST" duration-ms="10683" status="PASS">
          <reporter-output>
            <line>
              <![CDATA[Add Emp page is opened successfully]]>
            </line>
            <line>
              <![CDATA[We are navigate back to pim page]]>
            </line>
          </reporter-output>
        </test-method> <!-- tc_0015 -->
        <test-method is-config="true" signature="logout()[pri:0, instance:PimModule.Pim@2f54a33d]" started-at="2026-01-27T00:43:32 IST" name="logout" finished-at="2026-01-27T00:43:35 IST" duration-ms="2278" status="PASS">
          <reporter-output>
            <line>
              <![CDATA[Logout Successful]]>
            </line>
          </reporter-output>
        </test-method> <!-- logout -->
        <test-method is-config="true" signature="postConditions()[pri:0, instance:PimModule.Pim@2f54a33d]" started-at="2026-01-27T00:43:35 IST" name="postConditions" finished-at="2026-01-27T00:43:35 IST" duration-ms="219" status="PASS">
          <reporter-output>
          </reporter-output>
        </test-method> <!-- postConditions -->
      </class> <!-- PimModule.Pim -->
    </test> <!-- Default test -->
  </suite> <!-- Default suite -->
</testng-results>
