<?xml version="1.0" encoding="UTF-8"?>
<testng-results ignored="9" total="10" passed="1" failed="0" skipped="0">
  <reporter-output>
    <line>
      <![CDATA[PIM page is opened successfully]]>
    </line>
    <line>
      <![CDATA[Report page is opened successfully]]>
    </line>
    <line>
      <![CDATA[Logout Successful]]>
    </line>
  </reporter-output>
  <suite started-at="2026-01-27T11:17:59 IST" name="Default suite" finished-at="2026-01-27T11:18:44 IST" duration-ms="44475">
    <groups>
    </groups>
    <test started-at="2026-01-27T11:17:59 IST" name="Default test" finished-at="2026-01-27T11:18:44 IST" duration-ms="44475">
      <class name="PimModule.Pim">
        <test-method is-config="true" signature="preCondition()[pri:0, instance:PimModule.Pim@1018bde2]" started-at="2026-01-27T11:17:59 IST" name="preCondition" finished-at="2026-01-27T11:18:22 IST" duration-ms="22677" status="PASS">
          <reporter-output>
          </reporter-output>
        </test-method> <!-- preCondition -->
        <test-method is-config="true" signature="login()[pri:0, instance:PimModule.Pim@1018bde2]" started-at="2026-01-27T11:18:22 IST" name="login" finished-at="2026-01-27T11:18:24 IST" duration-ms="2229" status="PASS">
          <reporter-output>
          </reporter-output>
        </test-method> <!-- login -->
        <test-method signature="tc_0020()[pri:0, instance:PimModule.Pim@1018bde2]" started-at="2026-01-27T11:18:24 IST" name="tc_0020" finished-at="2026-01-27T11:18:35 IST" duration-ms="11174" status="PASS">
          <reporter-output>
            <line>
              <![CDATA[PIM page is opened successfully]]>
            </line>
            <line>
              <![CDATA[Report page is opened successfully]]>
            </line>
          </reporter-output>
        </test-method> <!-- tc_0020 -->
        <test-method is-config="true" signature="logout()[pri:0, instance:PimModule.Pim@1018bde2]" started-at="2026-01-27T11:18:35 IST" name="logout" finished-at="2026-01-27T11:18:43 IST" duration-ms="7898" status="PASS">
          <reporter-output>
            <line>
              <![CDATA[Logout Successful]]>
            </line>
          </reporter-output>
        </test-method> <!-- logout -->
        <test-method is-config="true" signature="postConditions()[pri:0, instance:PimModule.Pim@1018bde2]" started-at="2026-01-27T11:18:43 IST" name="postConditions" finished-at="2026-01-27T11:18:44 IST" duration-ms="408" status="PASS">
          <reporter-output>
          </reporter-output>
        </test-method> <!-- postConditions -->
      </class> <!-- PimModule.Pim -->
    </test> <!-- Default test -->
  </suite> <!-- Default suite -->
</testng-results>
