<?xml version="1.0" encoding="UTF-8"?>
<testng-results ignored="1" total="2" passed="1" failed="0" skipped="0">
  <reporter-output>
    <line>
      <![CDATA[TimeSheet Page is opened]]>
    </line>
    <line>
      <![CDATA[Logout Successful]]>
    </line>
  </reporter-output>
  <suite started-at="2026-01-28T11:58:49 IST" name="Default suite" finished-at="2026-01-28T11:59:40 IST" duration-ms="50374">
    <groups>
    </groups>
    <test started-at="2026-01-28T11:58:49 IST" name="Default test" finished-at="2026-01-28T11:59:40 IST" duration-ms="50374">
      <class name="TimeModule.Time">
        <test-method is-config="true" signature="preCondition()[pri:0, instance:TimeModule.Time@37f1104d]" started-at="2026-01-28T11:58:49 IST" name="preCondition" finished-at="2026-01-28T11:59:05 IST" duration-ms="15921" status="PASS">
          <reporter-output>
          </reporter-output>
        </test-method> <!-- preCondition -->
        <test-method is-config="true" signature="login()[pri:0, instance:TimeModule.Time@37f1104d]" started-at="2026-01-28T11:59:05 IST" name="login" finished-at="2026-01-28T11:59:10 IST" duration-ms="4418" status="PASS">
          <reporter-output>
          </reporter-output>
        </test-method> <!-- login -->
        <test-method signature="tc_002()[pri:0, instance:TimeModule.Time@37f1104d]" started-at="2026-01-28T11:59:10 IST" name="tc_002" finished-at="2026-01-28T11:59:32 IST" duration-ms="21689" status="PASS">
          <reporter-output>
            <line>
              <![CDATA[TimeSheet Page is opened]]>
            </line>
          </reporter-output>
        </test-method> <!-- tc_002 -->
        <test-method is-config="true" signature="logout()[pri:0, instance:TimeModule.Time@37f1104d]" started-at="2026-01-28T11:59:32 IST" name="logout" finished-at="2026-01-28T11:59:39 IST" duration-ms="7744" status="PASS">
          <reporter-output>
            <line>
              <![CDATA[Logout Successful]]>
            </line>
          </reporter-output>
        </test-method> <!-- logout -->
        <test-method is-config="true" signature="postConditions()[pri:0, instance:TimeModule.Time@37f1104d]" started-at="2026-01-28T11:59:39 IST" name="postConditions" finished-at="2026-01-28T11:59:40 IST" duration-ms="517" status="PASS">
          <reporter-output>
          </reporter-output>
        </test-method> <!-- postConditions -->
      </class> <!-- TimeModule.Time -->
    </test> <!-- Default test -->
  </suite> <!-- Default suite -->
</testng-results>
