<?xml version="1.0" encoding="UTF-8"?>
<!-- Generated by org.testng.reporters.JUnitReportReporter -->
<testsuite hostname="Priya-Laptop" failures="0" tests="4" name="DwsTestCases.TC2_FacebookLinkAndCreateAccount" time="23.765" errors="0" timestamp="2026-01-02T09:59:58 IST" skipped="0">
  <testcase classname="DwsTestCases.TC2_FacebookLinkAndCreateAccount" name="openApplication" time="5.993"/>
  <testcase classname="DwsTestCases.TC2_FacebookLinkAndCreateAccount" name="loginTest" time="2.677"/>
  <testcase classname="DwsTestCases.TC2_FacebookLinkAndCreateAccount" name="clickFacebookAndCreateAccount" time="12.629"/>
  <testcase classname="DwsTestCases.TC2_FacebookLinkAndCreateAccount" name="logoutAndClose" time="2.466"/>
</testsuite> <!-- DwsTestCases.TC2_FacebookLinkAndCreateAccount -->
