<?xml version="1.0" encoding="UTF-8"?>
<!-- Generated by org.testng.reporters.JUnitReportReporter -->
<testsuite hostname="Priya-Laptop" failures="0" tests="2" name="DataDrivenTestnig.ReadExcel" time="0.705" errors="0" timestamp="2026-01-08T08:55:23 IST" skipped="1">
  <testcase classname="DataDrivenTestnig.ReadExcel" name="multiple" time="0.705"/>
  <testcase classname="DataDrivenTestnig.ReadExcel" name="single">
    <skipped/>
  </testcase> <!-- single -->
</testsuite> <!-- DataDrivenTestnig.ReadExcel -->
