<?xml version="1.0" encoding="UTF-8"?>
<!-- Generated by org.testng.reporters.JUnitReportReporter -->
<testsuite hostname="Priya-Laptop" failures="0" tests="3" name="Annotations.EnableHelperMethod" time="18.942" errors="0" timestamp="2025-12-30T10:05:48 IST" skipped="1">
  <testcase classname="Annotations.EnableHelperMethod" name="main3" time="11.853"/>
  <testcase classname="Annotations.EnableHelperMethod" name="main1" time="7.089"/>
  <testcase classname="Annotations.EnableHelperMethod" name="main2">
    <skipped/>
  </testcase> <!-- main2 -->
</testsuite> <!-- Annotations.EnableHelperMethod -->
