<?xml version="1.0" encoding="UTF-8"?>
<!-- Generated by org.testng.reporters.JUnitReportReporter -->
<testsuite hostname="Priya-Laptop" failures="0" tests="4" name="DwsTestCases.TC5_TwitterCreateAccount" time="32.931" errors="0" timestamp="2026-01-02T09:59:58 IST" skipped="0">
  <testcase classname="DwsTestCases.TC5_TwitterCreateAccount" name="openApplication" time="6.113"/>
  <testcase classname="DwsTestCases.TC5_TwitterCreateAccount" name="loginTest" time="2.790"/>
  <testcase classname="DwsTestCases.TC5_TwitterCreateAccount" name="socialLinksAndTwitterSignup" time="21.954"/>
  <testcase classname="DwsTestCases.TC5_TwitterCreateAccount" name="logoutAndCloseOnlyDWS" time="2.074"/>
</testsuite> <!-- DwsTestCases.TC5_TwitterCreateAccount -->
