<?xml version="1.0" encoding="UTF-8"?>
<!-- Generated by org.testng.reporters.JUnitReportReporter -->
<testsuite hostname="Priya-Laptop" failures="0" tests="5" name="DwsTestCases.TC3_RemoveHighestPriceProduct" time="33.161" errors="0" timestamp="2026-01-02T09:59:58 IST" skipped="0">
  <testcase classname="DwsTestCases.TC3_RemoveHighestPriceProduct" name="openApplication" time="6.606"/>
  <testcase classname="DwsTestCases.TC3_RemoveHighestPriceProduct" name="loginTest" time="2.944"/>
  <testcase classname="DwsTestCases.TC3_RemoveHighestPriceProduct" name="addToCart" time="19.330"/>
  <testcase classname="DwsTestCases.TC3_RemoveHighestPriceProduct" name="removeHighestPriceProduct" time="2.302"/>
  <testcase classname="DwsTestCases.TC3_RemoveHighestPriceProduct" name="logoutAndClose" time="1.979"/>
</testsuite> <!-- DwsTestCases.TC3_RemoveHighestPriceProduct -->
