<?xml version="1.0" encoding="UTF-8"?>
<!-- Generated by org.testng.reporters.JUnitReportReporter -->
<testsuite hostname="Priya-Laptop" failures="0" tests="3" name="DwsTestCases.TC6_CloseChildWindows" time="71.471" errors="0" timestamp="2026-01-02T10:17:01 IST" skipped="0">
  <testcase classname="DwsTestCases.TC6_CloseChildWindows" name="openApplication" time="11.667"/>
  <testcase classname="DwsTestCases.TC6_CloseChildWindows" name="loginTest" time="3.024"/>
  <testcase classname="DwsTestCases.TC6_CloseChildWindows" name="openFacebookAndTwitter" time="56.780"/>
</testsuite> <!-- DwsTestCases.TC6_CloseChildWindows -->
