<?xml version="1.0" encoding="UTF-8"?>
<!-- Generated by org.testng.reporters.JUnitReportReporter -->
<testsuite hostname="Priya-Laptop" failures="0" tests="4" name="DwsTestCases.TC1_Add25dGiftCard" time="16.349" errors="0" timestamp="2026-01-02T09:59:58 IST" skipped="0">
  <testcase classname="DwsTestCases.TC1_Add25dGiftCard" name="openApplication" time="7.286"/>
  <testcase classname="DwsTestCases.TC1_Add25dGiftCard" name="loginTest" time="2.829"/>
  <testcase classname="DwsTestCases.TC1_Add25dGiftCard" name="add25dGiftCard" time="4.385"/>
  <testcase classname="DwsTestCases.TC1_Add25dGiftCard" name="logoutAndClose" time="1.849"/>
</testsuite> <!-- DwsTestCases.TC1_Add25dGiftCard -->
