<?xml version="1.0" encoding="UTF-8"?>
<!-- Generated by org.testng.reporters.JUnitReportReporter -->
<testsuite hostname="Priya-Laptop" failures="0" tests="4" name="DwsTestCases.asdfg" time="14.357" errors="0" timestamp="2025-12-31T19:11:07 IST" skipped="0">
  <testcase classname="DwsTestCases.asdfg" name="openApplication" time="5.632"/>
  <testcase classname="DwsTestCases.asdfg" name="loginTest" time="1.507"/>
  <testcase classname="DwsTestCases.asdfg" name="digitalDownloadDropdowns" time="6.344"/>
  <testcase classname="DwsTestCases.asdfg" name="logoutAndClose" time="0.874"/>
</testsuite> <!-- DwsTestCases.asdfg -->
