<?xml version="1.0" encoding="UTF-8"?>
<!-- Generated by org.testng.reporters.JUnitReportReporter -->
<testsuite hostname="Priya-Laptop" failures="0" tests="3" name="DataProvider.Simple" time="59.396" errors="0" timestamp="2026-01-09T09:55:45 IST" skipped="0">
  <testcase classname="DataProvider.Simple" name="reciever" time="17.940"/>
  <testcase classname="DataProvider.Simple" name="reciever" time="21.546"/>
  <testcase classname="DataProvider.Simple" name="reciever" time="19.910"/>
</testsuite> <!-- DataProvider.Simple -->
