<?xml version="1.0" encoding="UTF-8"?>
<!-- Generated by org.testng.reporters.JUnitReportReporter -->
<testsuite hostname="Priya-Laptop" failures="0" tests="4" name="DwsTestCases.TC4_GetTextOfAllDropdown" time="22.054" errors="0" timestamp="2026-01-02T09:59:58 IST" skipped="0">
  <testcase classname="DwsTestCases.TC4_GetTextOfAllDropdown" name="openApplication" time="6.399"/>
  <testcase classname="DwsTestCases.TC4_GetTextOfAllDropdown" name="loginTest" time="2.759"/>
  <testcase classname="DwsTestCases.TC4_GetTextOfAllDropdown" name="digitalDownloadDropdowns" time="11.220"/>
  <testcase classname="DwsTestCases.TC4_GetTextOfAllDropdown" name="logoutAndClose" time="1.676"/>
</testsuite> <!-- DwsTestCases.TC4_GetTextOfAllDropdown -->
