<?xml version="1.0" encoding="UTF-8"?>
<!-- Generated by org.testng.reporters.JUnitReportReporter -->
<testsuite hostname="Priya-Laptop" failures="0" tests="1" name="AdminModule.AddAdmin" time="32.338" errors="0" timestamp="2026-01-19T19:14:51 IST" skipped="0">
  <testcase classname="AdminModule.AddAdmin" name="tc_0020" time="32.338">
    <system-out>
      <![CDATA[Admin is created Successfully...]]>
    </system-out>
  </testcase> <!-- tc_0020 -->
  <system-out>
    <![CDATA[Admin is created Successfully...]]>
  </system-out>
</testsuite> <!-- AdminModule.AddAdmin -->
